<?xml version="1.0" encoding="UTF-8"?>
<testsuite xmlns:xsi="http://www.w3.org/2001/XMLSchema-instance" xsi:noNamespaceSchemaLocation="https://maven.apache.org/surefire/maven-surefire-plugin/xsd/surefire-test-report.xsd" version="3.0.2" name="br.com.java_api.JavaApiApplicationTests" time="1.327" tests="1" errors="0" skipped="0" failures="0">
  <properties>
[...]
</properties>
  <testcase name="contextLoads" classname="br.com.java_api.JavaApiApplicationTests" time="0.006">
    <system-out><![CDATA[2026-03-02T11:04:49.167Z  INFO 26935 --- [java-api] [           main] t.c.s.AnnotationConfigContextLoaderUtils : Could not detect default configuration classes for test class [br.com.java_api.JavaApiApplicationTests]: JavaApiApplicationTests does not declare any static, non-private, non-final, nested classes annotated with @Configuration.
2026-03-02T11:04:49.175Z  INFO 26935 --- [java-api] [           main] .b.t.c.SpringBootTestContextBootstrapper : Found @SpringBootConfiguration br.com.java_api.JavaApiApplication for test class br.com.java_api.JavaApiApplicationTests
2026-03-02T11:04:49.181Z  INFO 26935 --- [java-api] [           main] o.s.b.d.r.RestartApplicationListener     : Restart disabled due to context in which it is running

  .   ____          _            __ _ _
 /\\ / ___'_ __ _ _(_)_ __  __ _ \ \ \ \
( ( )\___ | '_ | '_| | '_ \/ _` | \ \ \ \
 \\/  ___)| |_)| | | | | || (_| |  ) ) ) )
  '  |____| .__|_| |_|_| |_\__, | / / / /
 =========|_|==============|___/=/_/_/_/

 :: Spring Boot ::                (v3.4.4)

2026-03-02T11:04:49.205Z  INFO 26935 --- [java-api] [           main] b.com.java_api.JavaApiApplicationTests   : Starting JavaApiApplicationTests using Java 21.0.10 with PID 26935 (started by andre in /home/andre/test/devops-automation)
2026-03-02T11:04:49.205Z  INFO 26935 --- [java-api] [           main] b.com.java_api.JavaApiApplicationTests   : No active profile set, falling back to 1 default profile: "default"
2026-03-02T11:04:50.329Z  INFO 26935 --- [java-api] [           main] o.s.b.a.e.web.EndpointLinksResolver      : Exposing 2 endpoints beneath base path '/actuator'
2026-03-02T11:04:50.373Z  INFO 26935 --- [java-api] [           main] b.com.java_api.JavaApiApplicationTests   : Started JavaApiApplicationTests in 1.191 seconds (process running for 6.292)
]]></system-out>
  </testcase>
</testsuite>